{"E:\\_projects\\ivi-ts-event-dispatcher\\src\\index.ts": {"path":"E:\\_projects\\ivi-ts-event-dispatcher\\src\\index.ts","statementMap":{"0":{"start":{"line":13,"column":0},"end":{"line":13,"column":13}},"1":{"start":{"line":15,"column":9},"end":{"line":15,"column":null}},"2":{"start":{"line":18,"column":4},"end":{"line":18,"column":null}},"3":{"start":{"line":21,"column":9},"end":{"line":23,"column":null}},"4":{"start":{"line":22,"column":4},"end":{"line":22,"column":null}},"5":{"start":{"line":24,"column":0},"end":{"line":24,"column":null}},"6":{"start":{"line":13,"column":13},"end":{"line":13,"column":35}},"7":{"start":{"line":26,"column":0},"end":{"line":26,"column":13}},"8":{"start":{"line":27,"column":10},"end":{"line":27,"column":null}},"9":{"start":{"line":28,"column":10},"end":{"line":28,"column":59}},"10":{"start":{"line":30,"column":9},"end":{"line":42,"column":null}},"11":{"start":{"line":31,"column":22},"end":{"line":31,"column":49}},"12":{"start":{"line":32,"column":20},"end":{"line":32,"column":56}},"13":{"start":{"line":34,"column":4},"end":{"line":39,"column":null}},"14":{"start":{"line":34,"column":27},"end":{"line":34,"column":36}},"15":{"start":{"line":34,"column":23},"end":{"line":34,"column":27}},"16":{"start":{"line":35,"column":6},"end":{"line":35,"column":null}},"17":{"start":{"line":36,"column":6},"end":{"line":38,"column":null}},"18":{"start":{"line":37,"column":8},"end":{"line":37,"column":null}},"19":{"start":{"line":41,"column":4},"end":{"line":41,"column":null}},"20":{"start":{"line":48,"column":9},"end":{"line":54,"column":null}},"21":{"start":{"line":48,"column":66},"end":{"line":48,"column":null}},"22":{"start":{"line":49,"column":36},"end":{"line":49,"column":70}},"23":{"start":{"line":50,"column":4},"end":{"line":50,"column":null}},"24":{"start":{"line":51,"column":4},"end":{"line":51,"column":null}},"25":{"start":{"line":53,"column":4},"end":{"line":53,"column":null}},"26":{"start":{"line":56,"column":10},"end":{"line":69,"column":null}},"27":{"start":{"line":57,"column":36},"end":{"line":57,"column":70}},"28":{"start":{"line":58,"column":4},"end":{"line":68,"column":null}},"29":{"start":{"line":60,"column":8},"end":{"line":62,"column":null}},"30":{"start":{"line":61,"column":10},"end":{"line":61,"column":null}},"31":{"start":{"line":63,"column":8},"end":{"line":65,"column":null}},"32":{"start":{"line":64,"column":10},"end":{"line":64,"column":null}},"33":{"start":{"line":66,"column":8},"end":{"line":66,"column":null}},"34":{"start":{"line":68,"column":18},"end":{"line":68,"column":23}},"35":{"start":{"line":71,"column":10},"end":{"line":80,"column":null}},"36":{"start":{"line":72,"column":4},"end":{"line":75,"column":null}},"37":{"start":{"line":74,"column":6},"end":{"line":74,"column":null}},"38":{"start":{"line":77,"column":29},"end":{"line":77,"column":63}},"39":{"start":{"line":78,"column":4},"end":{"line":78,"column":null}},"40":{"start":{"line":79,"column":4},"end":{"line":79,"column":null}},"41":{"start":{"line":81,"column":0},"end":{"line":81,"column":null}},"42":{"start":{"line":26,"column":13},"end":{"line":26,"column":28}}},"fnMap":{"0":{"name":"(anonymous_0)","decl":{"start":{"line":13,"column":0},"end":{"line":13,"column":13}},"loc":{"start":{"line":13,"column":0},"end":{"line":24,"column":null}}},"1":{"name":"EventDispatcherContext","decl":{"start":{"line":17,"column":2},"end":{"line":17,"column":14}},"loc":{"start":{"line":17,"column":33},"end":{"line":19,"column":3}}},"2":{"name":"(anonymous_2)","decl":{"start":{"line":21,"column":2},"end":{"line":21,"column":9}},"loc":{"start":{"line":21,"column":2},"end":{"line":23,"column":3}}},"3":{"name":"(anonymous_3)","decl":{"start":{"line":26,"column":0},"end":{"line":26,"column":13}},"loc":{"start":{"line":26,"column":0},"end":{"line":81,"column":null}}},"4":{"name":"(anonymous_5)","decl":{"start":{"line":30,"column":2},"end":{"line":30,"column":9}},"loc":{"start":{"line":30,"column":55},"end":{"line":42,"column":3}}},"5":{"name":"(anonymous_6)","decl":{"start":{"line":48,"column":2},"end":{"line":48,"column":9}},"loc":{"start":{"line":48,"column":86},"end":{"line":54,"column":3}}},"6":{"name":"(anonymous_7)","decl":{"start":{"line":56,"column":2},"end":{"line":56,"column":10}},"loc":{"start":{"line":56,"column":48},"end":{"line":69,"column":3}}},"7":{"name":"(anonymous_8)","decl":{"start":{"line":59,"column":12},"end":{"line":59,"column":13}},"loc":{"start":{"line":59,"column":17},"end":{"line":67,"column":7}}},"8":{"name":"(anonymous_9)","decl":{"start":{"line":68,"column":11},"end":{"line":68,"column":12}},"loc":{"start":{"line":68,"column":13},"end":{"line":68,"column":19}}},"9":{"name":"(anonymous_10)","decl":{"start":{"line":71,"column":2},"end":{"line":71,"column":10}},"loc":{"start":{"line":71,"column":41},"end":{"line":80,"column":3}}}},"branchMap":{"0":{"loc":{"start":{"line":36,"column":6},"end":{"line":38,"column":null}},"type":"if","locations":[{"start":{"line":36,"column":6},"end":{"line":38,"column":null}},{"start":{"line":36,"column":6},"end":{"line":38,"column":null}}]},"1":{"loc":{"start":{"line":48,"column":66},"end":{"line":48,"column":null}},"type":"if","locations":[{"start":{"line":48,"column":66},"end":{"line":48,"column":null}},{"start":{"line":48,"column":66},"end":{"line":48,"column":null}}]},"2":{"loc":{"start":{"line":49,"column":36},"end":{"line":49,"column":64}},"type":"binary-expr","locations":[{"start":{"line":49,"column":36},"end":{"line":49,"column":64}},{"start":{"line":49,"column":68},"end":{"line":49,"column":70}}]},"3":{"loc":{"start":{"line":57,"column":36},"end":{"line":57,"column":64}},"type":"binary-expr","locations":[{"start":{"line":57,"column":36},"end":{"line":57,"column":64}},{"start":{"line":57,"column":68},"end":{"line":57,"column":70}}]},"4":{"loc":{"start":{"line":60,"column":8},"end":{"line":62,"column":null}},"type":"if","locations":[{"start":{"line":60,"column":8},"end":{"line":62,"column":null}},{"start":{"line":60,"column":8},"end":{"line":62,"column":null}}]},"5":{"loc":{"start":{"line":63,"column":8},"end":{"line":65,"column":null}},"type":"if","locations":[{"start":{"line":63,"column":8},"end":{"line":65,"column":null}},{"start":{"line":63,"column":8},"end":{"line":65,"column":null}}]},"6":{"loc":{"start":{"line":72,"column":4},"end":{"line":75,"column":null}},"type":"if","locations":[{"start":{"line":72,"column":4},"end":{"line":75,"column":null}},{"start":{"line":72,"column":4},"end":{"line":75,"column":null}}]}},"s":{"0":1,"1":7,"2":7,"3":1,"4":2,"5":1,"6":1,"7":1,"8":5,"9":5,"10":1,"11":6,"12":6,"13":6,"14":12,"15":11,"16":11,"17":11,"18":1,"19":5,"20":1,"21":17,"22":10,"23":10,"24":10,"25":10,"26":1,"27":5,"28":5,"29":9,"30":3,"31":6,"32":1,"33":5,"34":10,"35":1,"36":6,"37":1,"38":5,"39":5,"40":5,"41":1,"42":1},"f":{"0":1,"1":7,"2":2,"3":6,"4":6,"5":10,"6":5,"7":9,"8":10,"9":6},"b":{"0":[1,10],"1":[7,3],"2":[10,4],"3":[5,1],"4":[3,6],"5":[1,5],"6":[1,5]}}
}
