TN:
SF:E:\_projects\ivi-ts-event-dispatcher\src\index.ts
FN:13,(anonymous_0)
FN:17,EventDispatcherContext
FN:21,(anonymous_2)
FN:26,(anonymous_3)
FN:30,(anonymous_5)
FN:48,(anonymous_6)
FN:56,(anonymous_7)
FN:59,(anonymous_8)
FN:68,(anonymous_9)
FN:71,(anonymous_10)
FNF:10
FNH:10
FNDA:1,(anonymous_0)
FNDA:7,EventDispatcherContext
FNDA:2,(anonymous_2)
FNDA:6,(anonymous_3)
FNDA:6,(anonymous_5)
FNDA:10,(anonymous_6)
FNDA:5,(anonymous_7)
FNDA:9,(anonymous_8)
FNDA:10,(anonymous_9)
FNDA:6,(anonymous_10)
DA:13,1
DA:15,7
DA:18,7
DA:21,1
DA:22,2
DA:24,1
DA:26,1
DA:27,5
DA:28,5
DA:30,1
DA:31,6
DA:32,6
DA:34,12
DA:35,11
DA:36,11
DA:37,1
DA:41,5
DA:48,17
DA:49,10
DA:50,10
DA:51,10
DA:53,10
DA:56,1
DA:57,5
DA:58,5
DA:60,9
DA:61,3
DA:63,6
DA:64,1
DA:66,5
DA:68,10
DA:71,1
DA:72,6
DA:74,1
DA:77,5
DA:78,5
DA:79,5
DA:81,1
LF:38
LH:38
BRDA:36,0,0,1
BRDA:36,0,1,10
BRDA:48,1,0,7
BRDA:48,1,1,3
BRDA:49,2,0,10
BRDA:49,2,1,4
BRDA:57,3,0,5
BRDA:57,3,1,1
BRDA:60,4,0,3
BRDA:60,4,1,6
BRDA:63,5,0,1
BRDA:63,5,1,5
BRDA:72,6,0,1
BRDA:72,6,1,5
BRF:14
BRH:14
end_of_record
